0    [main] DEBUG com.llvvlv00.log4jdemo.TestLog com.llvvlv00.log4jdemo.TestLog - 我是debug信息
1    [main] INFO  com.llvvlv00.log4jdemo.TestLog com.llvvlv00.log4jdemo.TestLog - 我是info信息
1    [main] WARN  com.llvvlv00.log4jdemo.TestLog com.llvvlv00.log4jdemo.TestLog - 我是警告信息
1    [main] ERROR com.llvvlv00.log4jdemo.TestLog com.llvvlv00.log4jdemo.TestLog - 我是错误信息
1    [main] FATAL com.llvvlv00.log4jdemo.TestLog com.llvvlv00.log4jdemo.TestLog - 我是致命错误信息
0    [main] DEBUG com.llvvlv00.log4jdemo.TestLog com.llvvlv00.log4jdemo.TestLog - 我是debug信息
11   [main] INFO  com.llvvlv00.log4jdemo.TestLog com.llvvlv00.log4jdemo.TestLog - 我是info信息
11   [main] WARN  com.llvvlv00.log4jdemo.TestLog com.llvvlv00.log4jdemo.TestLog - 我是警告信息
11   [main] ERROR com.llvvlv00.log4jdemo.TestLog com.llvvlv00.log4jdemo.TestLog - 我是错误信息
11   [main] FATAL com.llvvlv00.log4jdemo.TestLog com.llvvlv00.log4jdemo.TestLog - 我是致命错误信息
0    [main] DEBUG org.springframework.context.support.ClassPathXmlApplicationContext org.springframework.context.support.ClassPathXmlApplicationContext - Refreshing org.springframework.context.support.ClassPathXmlApplicationContext@6833ce2c
0    [main] DEBUG org.springframework.context.support.ClassPathXmlApplicationContext org.springframework.context.support.ClassPathXmlApplicationContext - Refreshing org.springframework.context.support.ClassPathXmlApplicationContext@649d209a
186  [main] DEBUG org.springframework.beans.factory.xml.XmlBeanDefinitionReader org.springframework.beans.factory.xml.XmlBeanDefinitionReader - Loaded 1 bean definitions from class path resource [com/bjsxt/spring5/bean1.xml]
237  [main] DEBUG org.springframework.beans.factory.support.DefaultListableBeanFactory org.springframework.beans.factory.support.DefaultListableBeanFactory - Creating shared instance of singleton bean 'user'
0    [main] DEBUG org.springframework.context.support.ClassPathXmlApplicationContext org.springframework.context.support.ClassPathXmlApplicationContext - Refreshing org.springframework.context.support.ClassPathXmlApplicationContext@6833ce2c
193  [main] DEBUG org.springframework.beans.factory.xml.XmlBeanDefinitionReader org.springframework.beans.factory.xml.XmlBeanDefinitionReader - Loaded 1 bean definitions from class path resource [com/bjsxt/spring5/bean1.xml]
229  [main] DEBUG org.springframework.beans.factory.support.DefaultListableBeanFactory org.springframework.beans.factory.support.DefaultListableBeanFactory - Creating shared instance of singleton bean 'user'
0    [main] DEBUG org.springframework.context.support.ClassPathXmlApplicationContext org.springframework.context.support.ClassPathXmlApplicationContext - Refreshing org.springframework.context.support.ClassPathXmlApplicationContext@649d209a
202  [main] DEBUG org.springframework.beans.factory.xml.XmlBeanDefinitionReader org.springframework.beans.factory.xml.XmlBeanDefinitionReader - Loaded 2 bean definitions from class path resource [com/bjsxt/spring5/bean1.xml]
249  [main] DEBUG org.springframework.beans.factory.support.DefaultListableBeanFactory org.springframework.beans.factory.support.DefaultListableBeanFactory - Creating shared instance of singleton bean 'user'
265  [main] DEBUG org.springframework.beans.factory.support.DefaultListableBeanFactory org.springframework.beans.factory.support.DefaultListableBeanFactory - Creating shared instance of singleton bean 'book'
0    [main] DEBUG org.springframework.context.support.ClassPathXmlApplicationContext org.springframework.context.support.ClassPathXmlApplicationContext - Refreshing org.springframework.context.support.ClassPathXmlApplicationContext@649d209a
208  [main] DEBUG org.springframework.beans.factory.xml.XmlBeanDefinitionReader org.springframework.beans.factory.xml.XmlBeanDefinitionReader - Loaded 3 bean definitions from class path resource [com/bjsxt/spring5/bean1.xml]
248  [main] DEBUG org.springframework.beans.factory.support.DefaultListableBeanFactory org.springframework.beans.factory.support.DefaultListableBeanFactory - Creating shared instance of singleton bean 'user'
265  [main] DEBUG org.springframework.beans.factory.support.DefaultListableBeanFactory org.springframework.beans.factory.support.DefaultListableBeanFactory - Creating shared instance of singleton bean 'book'
300  [main] DEBUG org.springframework.beans.factory.support.DefaultListableBeanFactory org.springframework.beans.factory.support.DefaultListableBeanFactory - Creating shared instance of singleton bean 'orders'
0    [main] DEBUG org.springframework.context.support.ClassPathXmlApplicationContext org.springframework.context.support.ClassPathXmlApplicationContext - Refreshing org.springframework.context.support.ClassPathXmlApplicationContext@649d209a
179  [main] DEBUG org.springframework.beans.factory.xml.XmlBeanDefinitionReader org.springframework.beans.factory.xml.XmlBeanDefinitionReader - Loaded 4 bean definitions from class path resource [com/bjsxt/spring5/bean1.xml]
221  [main] DEBUG org.springframework.beans.factory.support.DefaultListableBeanFactory org.springframework.beans.factory.support.DefaultListableBeanFactory - Creating shared instance of singleton bean 'user'
238  [main] DEBUG org.springframework.beans.factory.support.DefaultListableBeanFactory org.springframework.beans.factory.support.DefaultListableBeanFactory - Creating shared instance of singleton bean 'book'
265  [main] DEBUG org.springframework.beans.factory.support.DefaultListableBeanFactory org.springframework.beans.factory.support.DefaultListableBeanFactory - Creating shared instance of singleton bean 'orders'
277  [main] DEBUG org.springframework.beans.factory.support.DefaultListableBeanFactory org.springframework.beans.factory.support.DefaultListableBeanFactory - Creating shared instance of singleton bean 'book2'
0    [main] DEBUG org.springframework.context.support.ClassPathXmlApplicationContext org.springframework.context.support.ClassPathXmlApplicationContext - Refreshing org.springframework.context.support.ClassPathXmlApplicationContext@649d209a
168  [main] DEBUG org.springframework.beans.factory.xml.XmlBeanDefinitionReader org.springframework.beans.factory.xml.XmlBeanDefinitionReader - Loaded 4 bean definitions from class path resource [com/bjsxt/spring5/bean1.xml]
207  [main] DEBUG org.springframework.beans.factory.support.DefaultListableBeanFactory org.springframework.beans.factory.support.DefaultListableBeanFactory - Creating shared instance of singleton bean 'user'
227  [main] DEBUG org.springframework.beans.factory.support.DefaultListableBeanFactory org.springframework.beans.factory.support.DefaultListableBeanFactory - Creating shared instance of singleton bean 'book'
252  [main] DEBUG org.springframework.beans.factory.support.DefaultListableBeanFactory org.springframework.beans.factory.support.DefaultListableBeanFactory - Creating shared instance of singleton bean 'orders'
266  [main] DEBUG org.springframework.beans.factory.support.DefaultListableBeanFactory org.springframework.beans.factory.support.DefaultListableBeanFactory - Creating shared instance of singleton bean 'book2'
1    [main] DEBUG org.springframework.context.support.ClassPathXmlApplicationContext org.springframework.context.support.ClassPathXmlApplicationContext - Refreshing org.springframework.context.support.ClassPathXmlApplicationContext@649d209a
164  [main] DEBUG org.springframework.beans.factory.xml.XmlBeanDefinitionReader org.springframework.beans.factory.xml.XmlBeanDefinitionReader - Loaded 4 bean definitions from class path resource [com/bjsxt/spring5/bean1.xml]
200  [main] DEBUG org.springframework.beans.factory.support.DefaultListableBeanFactory org.springframework.beans.factory.support.DefaultListableBeanFactory - Creating shared instance of singleton bean 'user'
216  [main] DEBUG org.springframework.beans.factory.support.DefaultListableBeanFactory org.springframework.beans.factory.support.DefaultListableBeanFactory - Creating shared instance of singleton bean 'book'
244  [main] DEBUG org.springframework.beans.factory.support.DefaultListableBeanFactory org.springframework.beans.factory.support.DefaultListableBeanFactory - Creating shared instance of singleton bean 'orders'
262  [main] DEBUG org.springframework.beans.factory.support.DefaultListableBeanFactory org.springframework.beans.factory.support.DefaultListableBeanFactory - Creating shared instance of singleton bean 'book2'
0    [main] DEBUG org.springframework.context.support.ClassPathXmlApplicationContext org.springframework.context.support.ClassPathXmlApplicationContext - Refreshing org.springframework.context.support.ClassPathXmlApplicationContext@649d209a
164  [main] DEBUG org.springframework.beans.factory.xml.XmlBeanDefinitionReader org.springframework.beans.factory.xml.XmlBeanDefinitionReader - Loaded 4 bean definitions from class path resource [com/bjsxt/spring5/bean1.xml]
204  [main] DEBUG org.springframework.beans.factory.support.DefaultListableBeanFactory org.springframework.beans.factory.support.DefaultListableBeanFactory - Creating shared instance of singleton bean 'user'
228  [main] DEBUG org.springframework.beans.factory.support.DefaultListableBeanFactory org.springframework.beans.factory.support.DefaultListableBeanFactory - Creating shared instance of singleton bean 'book'
254  [main] DEBUG org.springframework.beans.factory.support.DefaultListableBeanFactory org.springframework.beans.factory.support.DefaultListableBeanFactory - Creating shared instance of singleton bean 'orders'
266  [main] DEBUG org.springframework.beans.factory.support.DefaultListableBeanFactory org.springframework.beans.factory.support.DefaultListableBeanFactory - Creating shared instance of singleton bean 'book2'
0    [main] DEBUG org.springframework.context.support.ClassPathXmlApplicationContext org.springframework.context.support.ClassPathXmlApplicationContext - Refreshing org.springframework.context.support.ClassPathXmlApplicationContext@649d209a
187  [main] DEBUG org.springframework.beans.factory.xml.XmlBeanDefinitionReader org.springframework.beans.factory.xml.XmlBeanDefinitionReader - Loaded 4 bean definitions from class path resource [com/bjsxt/spring5/bean1.xml]
237  [main] DEBUG org.springframework.beans.factory.support.DefaultListableBeanFactory org.springframework.beans.factory.support.DefaultListableBeanFactory - Creating shared instance of singleton bean 'user'
255  [main] DEBUG org.springframework.beans.factory.support.DefaultListableBeanFactory org.springframework.beans.factory.support.DefaultListableBeanFactory - Creating shared instance of singleton bean 'book'
284  [main] DEBUG org.springframework.beans.factory.support.DefaultListableBeanFactory org.springframework.beans.factory.support.DefaultListableBeanFactory - Creating shared instance of singleton bean 'orders'
299  [main] DEBUG org.springframework.beans.factory.support.DefaultListableBeanFactory org.springframework.beans.factory.support.DefaultListableBeanFactory - Creating shared instance of singleton bean 'book2'
1    [main] DEBUG org.springframework.context.support.ClassPathXmlApplicationContext org.springframework.context.support.ClassPathXmlApplicationContext - Refreshing org.springframework.context.support.ClassPathXmlApplicationContext@649d209a
225  [main] DEBUG org.springframework.beans.factory.xml.XmlBeanDefinitionReader org.springframework.beans.factory.xml.XmlBeanDefinitionReader - Loaded 4 bean definitions from class path resource [com/bjsxt/spring5/bean1.xml]
271  [main] DEBUG org.springframework.beans.factory.support.DefaultListableBeanFactory org.springframework.beans.factory.support.DefaultListableBeanFactory - Creating shared instance of singleton bean 'user'
289  [main] DEBUG org.springframework.beans.factory.support.DefaultListableBeanFactory org.springframework.beans.factory.support.DefaultListableBeanFactory - Creating shared instance of singleton bean 'book'
315  [main] DEBUG org.springframework.beans.factory.support.DefaultListableBeanFactory org.springframework.beans.factory.support.DefaultListableBeanFactory - Creating shared instance of singleton bean 'orders'
331  [main] DEBUG org.springframework.beans.factory.support.DefaultListableBeanFactory org.springframework.beans.factory.support.DefaultListableBeanFactory - Creating shared instance of singleton bean 'book2'
0    [main] DEBUG org.springframework.context.support.ClassPathXmlApplicationContext org.springframework.context.support.ClassPathXmlApplicationContext - Refreshing org.springframework.context.support.ClassPathXmlApplicationContext@649d209a
176  [main] DEBUG org.springframework.beans.factory.xml.XmlBeanDefinitionReader org.springframework.beans.factory.xml.XmlBeanDefinitionReader - Loaded 4 bean definitions from class path resource [com/bjsxt/spring5/bean1.xml]
219  [main] DEBUG org.springframework.beans.factory.support.DefaultListableBeanFactory org.springframework.beans.factory.support.DefaultListableBeanFactory - Creating shared instance of singleton bean 'user'
235  [main] DEBUG org.springframework.beans.factory.support.DefaultListableBeanFactory org.springframework.beans.factory.support.DefaultListableBeanFactory - Creating shared instance of singleton bean 'book'
260  [main] DEBUG org.springframework.beans.factory.support.DefaultListableBeanFactory org.springframework.beans.factory.support.DefaultListableBeanFactory - Creating shared instance of singleton bean 'orders'
273  [main] DEBUG org.springframework.beans.factory.support.DefaultListableBeanFactory org.springframework.beans.factory.support.DefaultListableBeanFactory - Creating shared instance of singleton bean 'book2'
0    [main] DEBUG org.springframework.context.support.ClassPathXmlApplicationContext org.springframework.context.support.ClassPathXmlApplicationContext - Refreshing org.springframework.context.support.ClassPathXmlApplicationContext@649d209a
218  [main] DEBUG org.springframework.beans.factory.xml.XmlBeanDefinitionReader org.springframework.beans.factory.xml.XmlBeanDefinitionReader - Loaded 6 bean definitions from class path resource [com/bjsxt/spring5/bean1.xml]
269  [main] DEBUG org.springframework.beans.factory.support.DefaultListableBeanFactory org.springframework.beans.factory.support.DefaultListableBeanFactory - Creating shared instance of singleton bean 'user'
297  [main] DEBUG org.springframework.beans.factory.support.DefaultListableBeanFactory org.springframework.beans.factory.support.DefaultListableBeanFactory - Creating shared instance of singleton bean 'book'
339  [main] DEBUG org.springframework.beans.factory.support.DefaultListableBeanFactory org.springframework.beans.factory.support.DefaultListableBeanFactory - Creating shared instance of singleton bean 'orders'
361  [main] DEBUG org.springframework.beans.factory.support.DefaultListableBeanFactory org.springframework.beans.factory.support.DefaultListableBeanFactory - Creating shared instance of singleton bean 'book2'
362  [main] DEBUG org.springframework.beans.factory.support.DefaultListableBeanFactory org.springframework.beans.factory.support.DefaultListableBeanFactory - Creating shared instance of singleton bean 'userService'
362  [main] DEBUG org.springframework.beans.factory.support.DefaultListableBeanFactory org.springframework.beans.factory.support.DefaultListableBeanFactory - Creating shared instance of singleton bean 'userDaoImpl'
0    [main] DEBUG org.springframework.context.support.ClassPathXmlApplicationContext org.springframework.context.support.ClassPathXmlApplicationContext - Refreshing org.springframework.context.support.ClassPathXmlApplicationContext@649d209a
174  [main] DEBUG org.springframework.beans.factory.xml.XmlBeanDefinitionReader org.springframework.beans.factory.xml.XmlBeanDefinitionReader - Loaded 6 bean definitions from class path resource [com/bjsxt/spring5/bean1.xml]
227  [main] DEBUG org.springframework.beans.factory.support.DefaultListableBeanFactory org.springframework.beans.factory.support.DefaultListableBeanFactory - Creating shared instance of singleton bean 'user'
249  [main] DEBUG org.springframework.beans.factory.support.DefaultListableBeanFactory org.springframework.beans.factory.support.DefaultListableBeanFactory - Creating shared instance of singleton bean 'book'
275  [main] DEBUG org.springframework.beans.factory.support.DefaultListableBeanFactory org.springframework.beans.factory.support.DefaultListableBeanFactory - Creating shared instance of singleton bean 'orders'
287  [main] DEBUG org.springframework.beans.factory.support.DefaultListableBeanFactory org.springframework.beans.factory.support.DefaultListableBeanFactory - Creating shared instance of singleton bean 'book2'
287  [main] DEBUG org.springframework.beans.factory.support.DefaultListableBeanFactory org.springframework.beans.factory.support.DefaultListableBeanFactory - Creating shared instance of singleton bean 'userService'
287  [main] DEBUG org.springframework.beans.factory.support.DefaultListableBeanFactory org.springframework.beans.factory.support.DefaultListableBeanFactory - Creating shared instance of singleton bean 'userDaoImpl'
0    [main] DEBUG org.springframework.context.support.ClassPathXmlApplicationContext org.springframework.context.support.ClassPathXmlApplicationContext - Refreshing org.springframework.context.support.ClassPathXmlApplicationContext@649d209a
164  [main] DEBUG org.springframework.beans.factory.xml.XmlBeanDefinitionReader org.springframework.beans.factory.xml.XmlBeanDefinitionReader - Loaded 6 bean definitions from class path resource [com/bjsxt/spring5/bean1.xml]
198  [main] DEBUG org.springframework.beans.factory.support.DefaultListableBeanFactory org.springframework.beans.factory.support.DefaultListableBeanFactory - Creating shared instance of singleton bean 'user'
217  [main] DEBUG org.springframework.beans.factory.support.DefaultListableBeanFactory org.springframework.beans.factory.support.DefaultListableBeanFactory - Creating shared instance of singleton bean 'book'
247  [main] DEBUG org.springframework.beans.factory.support.DefaultListableBeanFactory org.springframework.beans.factory.support.DefaultListableBeanFactory - Creating shared instance of singleton bean 'orders'
259  [main] DEBUG org.springframework.beans.factory.support.DefaultListableBeanFactory org.springframework.beans.factory.support.DefaultListableBeanFactory - Creating shared instance of singleton bean 'book2'
260  [main] DEBUG org.springframework.beans.factory.support.DefaultListableBeanFactory org.springframework.beans.factory.support.DefaultListableBeanFactory - Creating shared instance of singleton bean 'userService'
260  [main] DEBUG org.springframework.beans.factory.support.DefaultListableBeanFactory org.springframework.beans.factory.support.DefaultListableBeanFactory - Creating shared instance of singleton bean 'userDaoImpl'
0    [main] DEBUG org.springframework.context.support.ClassPathXmlApplicationContext org.springframework.context.support.ClassPathXmlApplicationContext - Refreshing org.springframework.context.support.ClassPathXmlApplicationContext@649d209a
175  [main] DEBUG org.springframework.beans.factory.xml.XmlBeanDefinitionReader org.springframework.beans.factory.xml.XmlBeanDefinitionReader - Loaded 6 bean definitions from class path resource [com/bjsxt/spring5/bean1.xml]
240  [main] DEBUG org.springframework.beans.factory.support.DefaultListableBeanFactory org.springframework.beans.factory.support.DefaultListableBeanFactory - Creating shared instance of singleton bean 'user'
255  [main] DEBUG org.springframework.beans.factory.support.DefaultListableBeanFactory org.springframework.beans.factory.support.DefaultListableBeanFactory - Creating shared instance of singleton bean 'book'
284  [main] DEBUG org.springframework.beans.factory.support.DefaultListableBeanFactory org.springframework.beans.factory.support.DefaultListableBeanFactory - Creating shared instance of singleton bean 'orders'
297  [main] DEBUG org.springframework.beans.factory.support.DefaultListableBeanFactory org.springframework.beans.factory.support.DefaultListableBeanFactory - Creating shared instance of singleton bean 'userService'
297  [main] DEBUG org.springframework.beans.factory.support.DefaultListableBeanFactory org.springframework.beans.factory.support.DefaultListableBeanFactory - Creating shared instance of singleton bean 'userDaoImpl'
0    [main] DEBUG org.springframework.context.support.ClassPathXmlApplicationContext org.springframework.context.support.ClassPathXmlApplicationContext - Refreshing org.springframework.context.support.ClassPathXmlApplicationContext@649d209a
266  [main] DEBUG org.springframework.beans.factory.xml.XmlBeanDefinitionReader org.springframework.beans.factory.xml.XmlBeanDefinitionReader - Loaded 6 bean definitions from class path resource [com/bjsxt/spring5/bean1.xml]
429  [main] DEBUG org.springframework.beans.factory.support.DefaultListableBeanFactory org.springframework.beans.factory.support.DefaultListableBeanFactory - Creating shared instance of singleton bean 'user'
453  [main] DEBUG org.springframework.beans.factory.support.DefaultListableBeanFactory org.springframework.beans.factory.support.DefaultListableBeanFactory - Creating shared instance of singleton bean 'orders'
502  [main] DEBUG org.springframework.beans.factory.support.DefaultListableBeanFactory org.springframework.beans.factory.support.DefaultListableBeanFactory - Creating shared instance of singleton bean 'book2'
527  [main] DEBUG org.springframework.beans.factory.support.DefaultListableBeanFactory org.springframework.beans.factory.support.DefaultListableBeanFactory - Creating shared instance of singleton bean 'userService'
527  [main] DEBUG org.springframework.beans.factory.support.DefaultListableBeanFactory org.springframework.beans.factory.support.DefaultListableBeanFactory - Creating shared instance of singleton bean 'userDaoImpl'
0    [main] DEBUG org.springframework.context.support.ClassPathXmlApplicationContext org.springframework.context.support.ClassPathXmlApplicationContext - Refreshing org.springframework.context.support.ClassPathXmlApplicationContext@649d209a
438  [main] DEBUG org.springframework.beans.factory.xml.XmlBeanDefinitionReader org.springframework.beans.factory.xml.XmlBeanDefinitionReader - Loaded 6 bean definitions from class path resource [com/bjsxt/spring5/bean1.xml]
558  [main] DEBUG org.springframework.beans.factory.support.DefaultListableBeanFactory org.springframework.beans.factory.support.DefaultListableBeanFactory - Creating shared instance of singleton bean 'user'
597  [main] DEBUG org.springframework.beans.factory.support.DefaultListableBeanFactory org.springframework.beans.factory.support.DefaultListableBeanFactory - Creating shared instance of singleton bean 'orders'
703  [main] DEBUG org.springframework.beans.factory.support.DefaultListableBeanFactory org.springframework.beans.factory.support.DefaultListableBeanFactory - Creating shared instance of singleton bean 'book2'
765  [main] DEBUG org.springframework.beans.factory.support.DefaultListableBeanFactory org.springframework.beans.factory.support.DefaultListableBeanFactory - Creating shared instance of singleton bean 'userService'
768  [main] DEBUG org.springframework.beans.factory.support.DefaultListableBeanFactory org.springframework.beans.factory.support.DefaultListableBeanFactory - Creating shared instance of singleton bean 'userDaoImpl'
0    [main] DEBUG org.springframework.context.support.ClassPathXmlApplicationContext org.springframework.context.support.ClassPathXmlApplicationContext - Refreshing org.springframework.context.support.ClassPathXmlApplicationContext@649d209a
510  [main] DEBUG org.springframework.beans.factory.xml.XmlBeanDefinitionReader org.springframework.beans.factory.xml.XmlBeanDefinitionReader - Loaded 1 bean definitions from class path resource [com/bjsxt/spring5/bean2.xml]
743  [main] DEBUG org.springframework.context.support.ClassPathXmlApplicationContext org.springframework.context.support.ClassPathXmlApplicationContext - Closing org.springframework.context.support.ClassPathXmlApplicationContext@649d209a, started on Sun Feb 14 14:47:25 CST 2021
0    [main] DEBUG org.springframework.context.support.ClassPathXmlApplicationContext org.springframework.context.support.ClassPathXmlApplicationContext - Refreshing org.springframework.context.support.ClassPathXmlApplicationContext@649d209a
277  [main] DEBUG org.springframework.beans.factory.xml.XmlBeanDefinitionReader org.springframework.beans.factory.xml.XmlBeanDefinitionReader - Loaded 1 bean definitions from class path resource [com/bjsxt/spring5/bean2.xml]
374  [main] DEBUG org.springframework.beans.factory.support.DefaultListableBeanFactory org.springframework.beans.factory.support.DefaultListableBeanFactory - Creating shared instance of singleton bean 'myBeanLife'
435  [main] DEBUG org.springframework.context.support.ClassPathXmlApplicationContext org.springframework.context.support.ClassPathXmlApplicationContext - Closing org.springframework.context.support.ClassPathXmlApplicationContext@649d209a, started on Sun Feb 14 14:49:11 CST 2021
0    [main] DEBUG org.springframework.context.support.ClassPathXmlApplicationContext org.springframework.context.support.ClassPathXmlApplicationContext - Refreshing org.springframework.context.support.ClassPathXmlApplicationContext@649d209a
185  [main] DEBUG org.springframework.beans.factory.xml.XmlBeanDefinitionReader org.springframework.beans.factory.xml.XmlBeanDefinitionReader - Loaded 2 bean definitions from class path resource [com/bjsxt/spring5/bean2.xml]
219  [main] DEBUG org.springframework.beans.factory.support.DefaultListableBeanFactory org.springframework.beans.factory.support.DefaultListableBeanFactory - Creating shared instance of singleton bean 'myBeanPost'
243  [main] DEBUG org.springframework.beans.factory.support.DefaultListableBeanFactory org.springframework.beans.factory.support.DefaultListableBeanFactory - Creating shared instance of singleton bean 'myBeanLife'
282  [main] DEBUG org.springframework.context.support.ClassPathXmlApplicationContext org.springframework.context.support.ClassPathXmlApplicationContext - Closing org.springframework.context.support.ClassPathXmlApplicationContext@649d209a, started on Sun Feb 14 14:52:44 CST 2021
0    [main] DEBUG org.springframework.context.support.ClassPathXmlApplicationContext org.springframework.context.support.ClassPathXmlApplicationContext - Refreshing org.springframework.context.support.ClassPathXmlApplicationContext@649d209a
221  [main] DEBUG org.springframework.beans.factory.xml.XmlBeanDefinitionReader org.springframework.beans.factory.xml.XmlBeanDefinitionReader - Loaded 2 bean definitions from class path resource [com/bjsxt/spring5/bean2.xml]
262  [main] DEBUG org.springframework.beans.factory.support.DefaultListableBeanFactory org.springframework.beans.factory.support.DefaultListableBeanFactory - Creating shared instance of singleton bean 'myBeanPost'
292  [main] DEBUG org.springframework.beans.factory.support.DefaultListableBeanFactory org.springframework.beans.factory.support.DefaultListableBeanFactory - Creating shared instance of singleton bean 'myBeanLife'
341  [main] DEBUG org.springframework.context.support.ClassPathXmlApplicationContext org.springframework.context.support.ClassPathXmlApplicationContext - Closing org.springframework.context.support.ClassPathXmlApplicationContext@649d209a, started on Sun Feb 14 14:53:48 CST 2021
0    [main] DEBUG org.springframework.context.support.ClassPathXmlApplicationContext org.springframework.context.support.ClassPathXmlApplicationContext - Refreshing org.springframework.context.support.ClassPathXmlApplicationContext@649d209a
210  [main] DEBUG org.springframework.beans.factory.xml.XmlBeanDefinitionReader org.springframework.beans.factory.xml.XmlBeanDefinitionReader - Loaded 2 bean definitions from class path resource [com/bjsxt/spring5/bean2.xml]
246  [main] DEBUG org.springframework.beans.factory.support.DefaultListableBeanFactory org.springframework.beans.factory.support.DefaultListableBeanFactory - Creating shared instance of singleton bean 'myBeanPost'
274  [main] DEBUG org.springframework.beans.factory.support.DefaultListableBeanFactory org.springframework.beans.factory.support.DefaultListableBeanFactory - Creating shared instance of singleton bean 'myBeanLife'
316  [main] DEBUG org.springframework.context.support.ClassPathXmlApplicationContext org.springframework.context.support.ClassPathXmlApplicationContext - Closing org.springframework.context.support.ClassPathXmlApplicationContext@649d209a, started on Sun Feb 14 14:54:26 CST 2021
0    [main] DEBUG org.springframework.context.support.ClassPathXmlApplicationContext org.springframework.context.support.ClassPathXmlApplicationContext - Refreshing org.springframework.context.support.ClassPathXmlApplicationContext@649d209a
174  [main] DEBUG org.springframework.beans.factory.xml.XmlBeanDefinitionReader org.springframework.beans.factory.xml.XmlBeanDefinitionReader - Loaded 2 bean definitions from class path resource [com/bjsxt/spring5/autowired/bean3.xml]
218  [main] DEBUG org.springframework.beans.factory.support.DefaultListableBeanFactory org.springframework.beans.factory.support.DefaultListableBeanFactory - Creating shared instance of singleton bean 'emp'
239  [main] DEBUG org.springframework.beans.factory.support.DefaultListableBeanFactory org.springframework.beans.factory.support.DefaultListableBeanFactory - Creating shared instance of singleton bean 'dept'
0    [main] DEBUG org.springframework.context.support.ClassPathXmlApplicationContext org.springframework.context.support.ClassPathXmlApplicationContext - Refreshing org.springframework.context.support.ClassPathXmlApplicationContext@649d209a
181  [main] DEBUG org.springframework.beans.factory.xml.XmlBeanDefinitionReader org.springframework.beans.factory.xml.XmlBeanDefinitionReader - Loaded 2 bean definitions from class path resource [com/bjsxt/spring5/autowired/bean3.xml]
223  [main] DEBUG org.springframework.beans.factory.support.DefaultListableBeanFactory org.springframework.beans.factory.support.DefaultListableBeanFactory - Creating shared instance of singleton bean 'emp'
239  [main] DEBUG org.springframework.beans.factory.support.DefaultListableBeanFactory org.springframework.beans.factory.support.DefaultListableBeanFactory - Creating shared instance of singleton bean 'dept'
0    [main] DEBUG org.springframework.context.support.ClassPathXmlApplicationContext org.springframework.context.support.ClassPathXmlApplicationContext - Refreshing org.springframework.context.support.ClassPathXmlApplicationContext@649d209a
168  [main] DEBUG org.springframework.beans.factory.xml.XmlBeanDefinitionReader org.springframework.beans.factory.xml.XmlBeanDefinitionReader - Loaded 2 bean definitions from class path resource [com/bjsxt/spring5/autowired/bean3.xml]
199  [main] DEBUG org.springframework.beans.factory.support.DefaultListableBeanFactory org.springframework.beans.factory.support.DefaultListableBeanFactory - Creating shared instance of singleton bean 'emp'
217  [main] DEBUG org.springframework.beans.factory.support.DefaultListableBeanFactory org.springframework.beans.factory.support.DefaultListableBeanFactory - Creating shared instance of singleton bean 'dept'
0    [main] DEBUG org.springframework.context.support.ClassPathXmlApplicationContext org.springframework.context.support.ClassPathXmlApplicationContext - Refreshing org.springframework.context.support.ClassPathXmlApplicationContext@649d209a
214  [main] DEBUG org.springframework.beans.factory.xml.XmlBeanDefinitionReader org.springframework.beans.factory.xml.XmlBeanDefinitionReader - Loaded 2 bean definitions from class path resource [com/bjsxt/spring5/autowired/bean3.xml]
288  [main] DEBUG org.springframework.beans.factory.support.DefaultListableBeanFactory org.springframework.beans.factory.support.DefaultListableBeanFactory - Creating shared instance of singleton bean 'emp'
326  [main] DEBUG org.springframework.beans.factory.support.DefaultListableBeanFactory org.springframework.beans.factory.support.DefaultListableBeanFactory - Creating shared instance of singleton bean 'dept'
0    [main] DEBUG org.springframework.context.support.ClassPathXmlApplicationContext org.springframework.context.support.ClassPathXmlApplicationContext - Refreshing org.springframework.context.support.ClassPathXmlApplicationContext@256216b3
301  [main] DEBUG org.springframework.context.annotation.ClassPathBeanDefinitionScanner org.springframework.context.annotation.ClassPathBeanDefinitionScanner - Identified candidate component class: file [/Volumes/移动硬盘中的系统盘/JavaCode/log4jDemo/out/production/log4jDemo/com/bjsxt/spring5/annotation/service/UserService.class]
333  [main] DEBUG org.springframework.beans.factory.xml.XmlBeanDefinitionReader org.springframework.beans.factory.xml.XmlBeanDefinitionReader - Loaded 6 bean definitions from class path resource [com/bjsxt/spring5/annotation/bean5.xml]
357  [main] DEBUG org.springframework.beans.factory.support.DefaultListableBeanFactory org.springframework.beans.factory.support.DefaultListableBeanFactory - Creating shared instance of singleton bean 'org.springframework.context.annotation.internalConfigurationAnnotationProcessor'
403  [main] DEBUG org.springframework.beans.factory.support.DefaultListableBeanFactory org.springframework.beans.factory.support.DefaultListableBeanFactory - Creating shared instance of singleton bean 'org.springframework.context.event.internalEventListenerProcessor'
405  [main] DEBUG org.springframework.beans.factory.support.DefaultListableBeanFactory org.springframework.beans.factory.support.DefaultListableBeanFactory - Creating shared instance of singleton bean 'org.springframework.context.event.internalEventListenerFactory'
407  [main] DEBUG org.springframework.beans.factory.support.DefaultListableBeanFactory org.springframework.beans.factory.support.DefaultListableBeanFactory - Creating shared instance of singleton bean 'org.springframework.context.annotation.internalAutowiredAnnotationProcessor'
408  [main] DEBUG org.springframework.beans.factory.support.DefaultListableBeanFactory org.springframework.beans.factory.support.DefaultListableBeanFactory - Creating shared instance of singleton bean 'org.springframework.context.annotation.internalCommonAnnotationProcessor'
417  [main] DEBUG org.springframework.beans.factory.support.DefaultListableBeanFactory org.springframework.beans.factory.support.DefaultListableBeanFactory - Creating shared instance of singleton bean 'userService'
